11/1/2017 12:48:50 PM, Info: Initializing SIMPLSharp Services...
11/1/2017 12:48:50 PM, Info: ProjectInfo successfully initialized.
11/1/2017 12:52:17 PM, Info: Initializing SIMPLSharp Services...
11/1/2017 12:52:17 PM, Info: ProjectInfo successfully initialized.
11/1/2017 12:52:50 PM, Info: Initializing SIMPLSharp Services...
11/1/2017 12:52:50 PM, Info: ProjectInfo successfully initialized.
11/1/2017 1:36:55 PM, Info: Validating assembly C:\Programming\S#\htdCoreData\htdCoreData\bin\Debug\htdCoreData.dll...
11/1/2017 1:36:55 PM, Info: Verifying assembly C:\Programming\S#\htdCoreData\htdCoreData\bin\Debug\htdCoreData.dll
11/1/2017 1:36:55 PM, Info: Creating Archive C:\Programming\S#\htdCoreData\htdCoreData\bin\Debug\htdCoreData.clz...
11/1/2017 1:36:56 PM, Info: Saving project information...
11/1/2017 2:05:58 PM, Info: Validating assembly C:\Programming\S#\htdCoreData\htdCoreData\bin\Debug\htdCoreData.dll...
11/1/2017 2:05:58 PM, Info: Verifying assembly C:\Programming\S#\htdCoreData\htdCoreData\bin\Debug\htdCoreData.dll
11/1/2017 2:05:58 PM, Info: Creating Archive C:\Programming\S#\htdCoreData\htdCoreData\bin\Debug\htdCoreData.clz...
11/1/2017 2:05:59 PM, Info: Saving project information...
11/1/2017 2:13:10 PM, Info: Validating assembly C:\Programming\S#\htdCoreData\htdCoreData\bin\Debug\htdCoreData.dll...
11/1/2017 2:13:10 PM, Info: Verifying assembly C:\Programming\S#\htdCoreData\htdCoreData\bin\Debug\htdCoreData.dll
11/1/2017 2:13:10 PM, Info: Creating Archive C:\Programming\S#\htdCoreData\htdCoreData\bin\Debug\htdCoreData.clz...
11/1/2017 2:13:10 PM, Info: Saving project information...
11/1/2017 2:54:11 PM, Info: Terminating SIMPLSharp Services
11/1/2017 2:54:11 PM, Info: Saving project information...
11/1/2017 2:54:11 PM, Info: Terminating SIMPLSharp Services
11/1/2017 2:54:11 PM, Info: Saving project information...
11/1/2017 2:54:11 PM, Info: Terminating SIMPLSharp Services
