12/20/2017 4:00:01 PM, Info: Initializing SIMPLSharp Services...
12/20/2017 4:00:01 PM, Info: ProjectInfo successfully initialized.
12/20/2017 4:04:51 PM, Info: Saving project information...
12/20/2017 4:04:51 PM, Info: Saving project information...
12/20/2017 4:04:51 PM, Info: Saving project information...
12/20/2017 4:09:40 PM, Info: Saving project information...
12/20/2017 4:09:40 PM, Info: Saving project information...
12/20/2017 4:09:40 PM, Info: Saving project information...
12/20/2017 4:09:40 PM, Info: Saving project information...
12/20/2017 4:09:40 PM, Info: Saving project information...
12/20/2017 4:09:40 PM, Info: Saving project information...
12/20/2017 4:22:10 PM, Info: Validating assembly C:\Programming\S#\htdCoreData\htdCoreData\bin\Debug\htdCoreData.dll...
12/20/2017 4:22:10 PM, Info: Verifying assembly C:\Programming\S#\htdCoreData\htdCoreData\bin\Debug\htdCoreData.dll
12/20/2017 4:22:11 PM, Info: Creating Archive C:\Programming\S#\htdCoreData\htdCoreData\bin\Debug\htdCoreData.clz...
12/20/2017 4:22:11 PM, Info: Saving project information...
12/20/2017 4:53:44 PM, Info: Validating assembly C:\Programming\S#\htdCoreData\htdCoreData\bin\Debug\htdCoreData.dll...
12/20/2017 4:53:44 PM, Info: Verifying assembly C:\Programming\S#\htdCoreData\htdCoreData\bin\Debug\htdCoreData.dll
12/20/2017 4:53:44 PM, Info: Creating Archive C:\Programming\S#\htdCoreData\htdCoreData\bin\Debug\htdCoreData.clz...
12/20/2017 4:53:44 PM, Info: Saving project information...
12/20/2017 4:57:10 PM, Info: Validating assembly C:\Programming\S#\htdCoreData\htdCoreData\bin\Debug\htdCoreData.dll...
12/20/2017 4:57:10 PM, Info: Verifying assembly C:\Programming\S#\htdCoreData\htdCoreData\bin\Debug\htdCoreData.dll
12/20/2017 4:57:10 PM, Info: Creating Archive C:\Programming\S#\htdCoreData\htdCoreData\bin\Debug\htdCoreData.clz...
12/20/2017 4:57:10 PM, Info: Saving project information...
12/20/2017 5:08:29 PM, Info: Validating assembly C:\Programming\S#\htdCoreData\htdCoreData\bin\Debug\htdCoreData.dll...
12/20/2017 5:09:06 PM, Info: Validating assembly C:\Programming\S#\htdCoreData\htdCoreData\bin\Debug\htdCoreData.dll...
12/20/2017 5:09:06 PM, Info: Verifying assembly C:\Programming\S#\htdCoreData\htdCoreData\bin\Debug\htdCoreData.dll
12/20/2017 5:09:06 PM, Info: Creating Archive C:\Programming\S#\htdCoreData\htdCoreData\bin\Debug\htdCoreData.clz...
12/20/2017 5:09:06 PM, Info: Saving project information...
12/20/2017 5:14:19 PM, Info: Terminating SIMPLSharp Services
