9/25/2017 9:52:43 AM, Info: Initializing SIMPLSharp Services...
9/25/2017 9:52:43 AM, Info: ProjectInfo successfully initialized.
9/25/2017 1:55:43 PM, Info: Validating assembly C:\Programming\S#\htdCoreData\htdCoreData\bin\Debug\htdCoreData.dll...
9/25/2017 1:55:43 PM, Info: Verifying assembly C:\Programming\S#\htdCoreData\htdCoreData\bin\Debug\htdCoreData.dll
9/25/2017 1:55:43 PM, Info: Creating Archive C:\Programming\S#\htdCoreData\htdCoreData\bin\Debug\htdCoreData.clz...
9/25/2017 1:55:44 PM, Info: Saving project information...
9/25/2017 2:54:46 PM, Info: Saving project information...
9/25/2017 2:54:46 PM, Info: Saving project information...
9/25/2017 2:54:46 PM, Info: Saving project information...
9/25/2017 2:59:46 PM, Info: Saving project information...
9/25/2017 2:59:46 PM, Info: Saving project information...
9/25/2017 2:59:46 PM, Info: Saving project information...
9/25/2017 3:04:46 PM, Info: Saving project information...
9/25/2017 3:04:46 PM, Info: Saving project information...
9/25/2017 3:04:46 PM, Info: Saving project information...
9/25/2017 3:05:41 PM, Info: Saving project information...
9/25/2017 3:05:41 PM, Info: Saving project information...
9/25/2017 3:05:41 PM, Info: Saving project information...
9/25/2017 3:05:41 PM, Info: Saving project information...
9/25/2017 3:05:41 PM, Info: Saving project information...
9/25/2017 3:05:41 PM, Info: Saving project information...
9/25/2017 3:19:46 PM, Info: Saving project information...
9/25/2017 3:19:46 PM, Info: Saving project information...
9/25/2017 3:19:46 PM, Info: Saving project information...
9/25/2017 3:24:46 PM, Info: Saving project information...
9/25/2017 3:24:46 PM, Info: Saving project information...
9/25/2017 3:24:46 PM, Info: Saving project information...
9/25/2017 3:29:46 PM, Info: Saving project information...
9/25/2017 3:29:46 PM, Info: Saving project information...
9/25/2017 3:29:46 PM, Info: Saving project information...
9/25/2017 3:32:59 PM, Info: Saving project information...
9/25/2017 3:32:59 PM, Info: Saving project information...
9/25/2017 3:32:59 PM, Info: Saving project information...
9/25/2017 3:32:59 PM, Info: Saving project information...
9/25/2017 3:32:59 PM, Info: Saving project information...
9/25/2017 3:32:59 PM, Info: Saving project information...
9/25/2017 3:32:59 PM, Info: Validating assembly C:\Programming\S#\htdCoreData\htdCoreData\bin\Debug\htdCoreData.dll...
9/25/2017 3:32:59 PM, Info: Verifying assembly C:\Programming\S#\htdCoreData\htdCoreData\bin\Debug\htdCoreData.dll
9/25/2017 3:32:59 PM, Info: Creating Archive C:\Programming\S#\htdCoreData\htdCoreData\bin\Debug\htdCoreData.clz...
9/25/2017 3:33:00 PM, Info: Saving project information...
9/25/2017 5:13:00 PM, Info: Terminating SIMPLSharp Services
