2/5/2018 3:10:15 PM, Info: Initializing SIMPLSharp Services...
2/5/2018 3:10:15 PM, Info: ProjectInfo successfully initialized.
2/5/2018 3:13:16 PM, Info: Validating assembly C:\Programming\S#\htdCoreData\htdCoreData\bin\Debug\htdCoreData.dll...
2/5/2018 3:13:16 PM, Info: Verifying assembly C:\Programming\S#\htdCoreData\htdCoreData\bin\Debug\htdCoreData.dll
2/5/2018 3:13:16 PM, Info: Creating Archive C:\Programming\S#\htdCoreData\htdCoreData\bin\Debug\htdCoreData.clz...
2/5/2018 3:13:17 PM, Info: Saving project information...
2/5/2018 3:16:30 PM, Info: Validating assembly C:\Programming\S#\htdCoreData\htdCoreData\bin\Debug\htdCoreData.dll...
2/5/2018 3:16:30 PM, Info: Verifying assembly C:\Programming\S#\htdCoreData\htdCoreData\bin\Debug\htdCoreData.dll
2/5/2018 3:16:31 PM, Info: Creating Archive C:\Programming\S#\htdCoreData\htdCoreData\bin\Debug\htdCoreData.clz...
2/5/2018 3:16:31 PM, Info: Saving project information...
2/5/2018 3:20:09 PM, Info: Saving project information...
2/5/2018 3:20:09 PM, Info: Saving project information...
2/5/2018 3:20:09 PM, Info: Saving project information...
2/5/2018 3:20:22 PM, Info: Saving project information...
2/5/2018 3:20:22 PM, Info: Saving project information...
2/5/2018 3:20:22 PM, Info: Saving project information...
2/5/2018 3:20:22 PM, Info: Saving project information...
2/5/2018 3:20:22 PM, Info: Saving project information...
2/5/2018 3:20:22 PM, Info: Saving project information...
2/5/2018 3:20:23 PM, Info: Validating assembly C:\Programming\S#\htdCoreData\htdCoreData\bin\Debug\htdCoreData.dll...
2/5/2018 3:20:23 PM, Info: Verifying assembly C:\Programming\S#\htdCoreData\htdCoreData\bin\Debug\htdCoreData.dll
2/5/2018 3:20:23 PM, Info: Creating Archive C:\Programming\S#\htdCoreData\htdCoreData\bin\Debug\htdCoreData.clz...
2/5/2018 3:20:23 PM, Info: Saving project information...
2/5/2018 3:43:53 PM, Info: Terminating SIMPLSharp Services
