6/15/2017 3:45:09 PM, Info: Initializing SIMPLSharp Services...
6/15/2017 3:45:10 PM, Info: ProjectInfo successfully initialized.
6/15/2017 3:45:24 PM, Info: Initializing SIMPLSharp Services...
6/15/2017 3:45:24 PM, Info: ProjectInfo successfully initialized.
6/15/2017 3:54:02 PM, Info: Saving project information...
6/15/2017 3:54:02 PM, Info: Saving project information...
6/15/2017 3:54:02 PM, Info: Saving project information...
6/15/2017 3:54:02 PM, Info: Saving project information...
6/15/2017 3:54:02 PM, Info: Saving project information...
6/15/2017 3:54:02 PM, Info: Saving project information...
6/15/2017 4:06:06 PM, Info: Validating assembly C:\Programming\S#\htdCoreData\htdCoreData\bin\Debug\htdCoreData.dll...
6/15/2017 4:06:07 PM, Info: Verifying assembly C:\Programming\S#\htdCoreData\htdCoreData\bin\Debug\htdCoreData.dll
6/15/2017 4:06:07 PM, Info: Creating Archive C:\Programming\S#\htdCoreData\htdCoreData\bin\Debug\htdCoreData.clz...
6/15/2017 4:06:07 PM, Info: Saving project information...
6/15/2017 4:09:32 PM, Info: Validating assembly C:\Programming\S#\htdCoreData\htdCoreData\bin\Debug\htdCoreData.dll...
6/15/2017 4:09:32 PM, Info: Verifying assembly C:\Programming\S#\htdCoreData\htdCoreData\bin\Debug\htdCoreData.dll
6/15/2017 4:09:32 PM, Info: Creating Archive C:\Programming\S#\htdCoreData\htdCoreData\bin\Debug\htdCoreData.clz...
6/15/2017 4:09:32 PM, Info: Saving project information...
6/15/2017 4:12:08 PM, Info: Validating assembly C:\Programming\S#\htdCoreData\htdCoreData\bin\Debug\htdCoreData.dll...
6/15/2017 4:12:09 PM, Info: Verifying assembly C:\Programming\S#\htdCoreData\htdCoreData\bin\Debug\htdCoreData.dll
6/15/2017 4:12:09 PM, Info: Creating Archive C:\Programming\S#\htdCoreData\htdCoreData\bin\Debug\htdCoreData.clz...
6/15/2017 4:12:09 PM, Info: Saving project information...
6/15/2017 4:41:37 PM, Info: Validating assembly C:\Programming\S#\htdCoreData\htdCoreData\bin\Debug\htdCoreData.dll...
6/15/2017 4:41:37 PM, Info: Verifying assembly C:\Programming\S#\htdCoreData\htdCoreData\bin\Debug\htdCoreData.dll
6/15/2017 4:41:37 PM, Info: Creating Archive C:\Programming\S#\htdCoreData\htdCoreData\bin\Debug\htdCoreData.clz...
6/15/2017 4:41:37 PM, Info: Saving project information...
6/15/2017 4:52:07 PM, Info: Validating assembly C:\Programming\S#\htdCoreData\htdCoreData\bin\Debug\htdCoreData.dll...
6/15/2017 4:52:08 PM, Info: Verifying assembly C:\Programming\S#\htdCoreData\htdCoreData\bin\Debug\htdCoreData.dll
6/15/2017 4:52:08 PM, Info: Creating Archive C:\Programming\S#\htdCoreData\htdCoreData\bin\Debug\htdCoreData.clz...
6/15/2017 4:52:08 PM, Info: Saving project information...
6/15/2017 4:53:26 PM, Info: Validating assembly C:\Programming\S#\htdCoreData\htdCoreData\bin\Debug\htdCoreData.dll...
6/15/2017 4:53:26 PM, Info: Verifying assembly C:\Programming\S#\htdCoreData\htdCoreData\bin\Debug\htdCoreData.dll
6/15/2017 4:53:26 PM, Info: Creating Archive C:\Programming\S#\htdCoreData\htdCoreData\bin\Debug\htdCoreData.clz...
6/15/2017 4:53:27 PM, Info: Saving project information...
6/15/2017 4:54:03 PM, Info: Validating assembly C:\Programming\S#\htdCoreData\htdCoreData\bin\Debug\htdCoreData.dll...
6/15/2017 4:54:03 PM, Info: Verifying assembly C:\Programming\S#\htdCoreData\htdCoreData\bin\Debug\htdCoreData.dll
6/15/2017 4:54:03 PM, Info: Creating Archive C:\Programming\S#\htdCoreData\htdCoreData\bin\Debug\htdCoreData.clz...
6/15/2017 4:54:04 PM, Info: Saving project information...
6/15/2017 4:55:00 PM, Info: Validating assembly C:\Programming\S#\htdCoreData\htdCoreData\bin\Debug\htdCoreData.dll...
6/15/2017 4:55:00 PM, Info: Verifying assembly C:\Programming\S#\htdCoreData\htdCoreData\bin\Debug\htdCoreData.dll
6/15/2017 4:55:00 PM, Info: Creating Archive C:\Programming\S#\htdCoreData\htdCoreData\bin\Debug\htdCoreData.clz...
6/15/2017 4:55:00 PM, Info: Saving project information...
6/15/2017 4:57:48 PM, Info: Terminating SIMPLSharp Services
6/15/2017 4:57:48 PM, Info: Saving project information...
6/15/2017 4:57:48 PM, Info: Terminating SIMPLSharp Services
