7/3/2017 11:36:31 AM, Info: Initializing SIMPLSharp Services...
7/3/2017 11:36:31 AM, Info: ProjectInfo successfully initialized.
7/3/2017 12:54:20 PM, Info: Initializing SIMPLSharp Services...
7/3/2017 12:54:20 PM, Info: ProjectInfo successfully initialized.
7/3/2017 1:17:48 PM, Info: Validating assembly C:\Programming\S#\htdCoreData\htdCoreData\bin\Debug\htdCoreData.dll...
7/3/2017 1:17:48 PM, Info: Verifying assembly C:\Programming\S#\htdCoreData\htdCoreData\bin\Debug\htdCoreData.dll
7/3/2017 1:17:48 PM, Info: Creating Archive C:\Programming\S#\htdCoreData\htdCoreData\bin\Debug\htdCoreData.clz...
7/3/2017 1:17:49 PM, Info: Saving project information...
7/3/2017 1:27:03 PM, Info: Validating assembly C:\Programming\S#\htdCoreData\htdCoreData\bin\Debug\htdCoreData.dll...
7/3/2017 1:27:03 PM, Info: Verifying assembly C:\Programming\S#\htdCoreData\htdCoreData\bin\Debug\htdCoreData.dll
7/3/2017 1:27:03 PM, Info: Creating Archive C:\Programming\S#\htdCoreData\htdCoreData\bin\Debug\htdCoreData.clz...
7/3/2017 1:27:03 PM, Info: Saving project information...
7/3/2017 1:38:41 PM, Info: Validating assembly C:\Programming\S#\htdCoreData\htdCoreData\bin\Debug\htdCoreData.dll...
7/3/2017 1:38:41 PM, Info: Verifying assembly C:\Programming\S#\htdCoreData\htdCoreData\bin\Debug\htdCoreData.dll
7/3/2017 1:38:41 PM, Info: Creating Archive C:\Programming\S#\htdCoreData\htdCoreData\bin\Debug\htdCoreData.clz...
7/3/2017 1:38:41 PM, Info: Saving project information...
7/3/2017 1:41:07 PM, Info: Validating assembly C:\Programming\S#\htdCoreData\htdCoreData\bin\Debug\htdCoreData.dll...
7/3/2017 1:41:07 PM, Info: Verifying assembly C:\Programming\S#\htdCoreData\htdCoreData\bin\Debug\htdCoreData.dll
7/3/2017 1:41:07 PM, Info: Creating Archive C:\Programming\S#\htdCoreData\htdCoreData\bin\Debug\htdCoreData.clz...
7/3/2017 1:41:07 PM, Info: Saving project information...
7/3/2017 1:45:45 PM, Info: Validating assembly C:\Programming\S#\htdCoreData\htdCoreData\bin\Debug\htdCoreData.dll...
7/3/2017 1:45:45 PM, Info: Verifying assembly C:\Programming\S#\htdCoreData\htdCoreData\bin\Debug\htdCoreData.dll
7/3/2017 1:45:45 PM, Info: Creating Archive C:\Programming\S#\htdCoreData\htdCoreData\bin\Debug\htdCoreData.clz...
7/3/2017 1:45:45 PM, Info: Saving project information...
7/3/2017 1:49:13 PM, Info: Validating assembly C:\Programming\S#\htdCoreData\htdCoreData\bin\Debug\htdCoreData.dll...
7/3/2017 1:49:13 PM, Info: Verifying assembly C:\Programming\S#\htdCoreData\htdCoreData\bin\Debug\htdCoreData.dll
7/3/2017 1:49:13 PM, Info: Creating Archive C:\Programming\S#\htdCoreData\htdCoreData\bin\Debug\htdCoreData.clz...
7/3/2017 1:49:13 PM, Info: Saving project information...
7/3/2017 1:49:16 PM, Info: Validating assembly C:\Programming\S#\htdCoreData\htdCoreData\bin\Debug\htdCoreData.dll...
7/3/2017 1:49:16 PM, Info: Verifying assembly C:\Programming\S#\htdCoreData\htdCoreData\bin\Debug\htdCoreData.dll
7/3/2017 1:49:16 PM, Info: Creating Archive C:\Programming\S#\htdCoreData\htdCoreData\bin\Debug\htdCoreData.clz...
7/3/2017 1:49:16 PM, Info: Saving project information...
7/3/2017 1:58:05 PM, Info: Validating assembly C:\Programming\S#\htdCoreData\htdCoreData\bin\Debug\htdCoreData.dll...
7/3/2017 1:58:05 PM, Info: Verifying assembly C:\Programming\S#\htdCoreData\htdCoreData\bin\Debug\htdCoreData.dll
7/3/2017 1:58:05 PM, Info: Creating Archive C:\Programming\S#\htdCoreData\htdCoreData\bin\Debug\htdCoreData.clz...
7/3/2017 1:58:05 PM, Info: Saving project information...
7/3/2017 2:01:31 PM, Info: Validating assembly C:\Programming\S#\htdCoreData\htdCoreData\bin\Debug\htdCoreData.dll...
7/3/2017 2:01:31 PM, Info: Verifying assembly C:\Programming\S#\htdCoreData\htdCoreData\bin\Debug\htdCoreData.dll
7/3/2017 2:01:31 PM, Info: Creating Archive C:\Programming\S#\htdCoreData\htdCoreData\bin\Debug\htdCoreData.clz...
7/3/2017 2:01:31 PM, Info: Saving project information...
7/3/2017 2:01:33 PM, Info: Validating assembly C:\Programming\S#\htdCoreData\htdCoreData\bin\Debug\htdCoreData.dll...
7/3/2017 2:01:33 PM, Info: Verifying assembly C:\Programming\S#\htdCoreData\htdCoreData\bin\Debug\htdCoreData.dll
7/3/2017 2:01:33 PM, Info: Creating Archive C:\Programming\S#\htdCoreData\htdCoreData\bin\Debug\htdCoreData.clz...
7/3/2017 2:01:33 PM, Info: Saving project information...
7/3/2017 2:14:06 PM, Info: Terminating SIMPLSharp Services
7/3/2017 2:14:06 PM, Info: Saving project information...
7/3/2017 2:14:06 PM, Info: Terminating SIMPLSharp Services
