8/3/2017 11:24:03 AM, Info: Initializing SIMPLSharp Services...
8/3/2017 11:24:03 AM, Info: ProjectInfo successfully initialized.
8/3/2017 11:32:10 AM, Info: Initializing SIMPLSharp Services...
8/3/2017 11:32:10 AM, Info: ProjectInfo successfully initialized.
8/3/2017 11:32:56 AM, Info: Initializing SIMPLSharp Services...
8/3/2017 11:32:56 AM, Info: ProjectInfo successfully initialized.
8/3/2017 11:33:27 AM, Info: Validating assembly C:\Programming\S#\htdCoreData\htdCoreData\bin\Debug\htdCoreData.dll...
8/3/2017 11:33:27 AM, Info: Verifying assembly C:\Programming\S#\htdCoreData\htdCoreData\bin\Debug\htdCoreData.dll
8/3/2017 11:33:27 AM, Info: Creating Archive C:\Programming\S#\htdCoreData\htdCoreData\bin\Debug\htdCoreData.clz...
8/3/2017 11:33:27 AM, Info: Saving project information...
8/3/2017 11:41:58 AM, Info: Saving project information...
8/3/2017 11:41:58 AM, Info: Saving project information...
8/3/2017 11:41:58 AM, Info: Saving project information...
8/3/2017 11:41:58 AM, Info: Saving project information...
8/3/2017 11:41:58 AM, Info: Saving project information...
8/3/2017 11:41:58 AM, Info: Saving project information...
8/3/2017 11:50:53 AM, Info: Validating assembly C:\Programming\S#\htdCoreData\htdCoreData\bin\Debug\htdCoreData.dll...
8/3/2017 11:50:53 AM, Info: Verifying assembly C:\Programming\S#\htdCoreData\htdCoreData\bin\Debug\htdCoreData.dll
8/3/2017 11:50:53 AM, Info: Creating Archive C:\Programming\S#\htdCoreData\htdCoreData\bin\Debug\htdCoreData.clz...
8/3/2017 11:50:53 AM, Info: Saving project information...
8/3/2017 11:54:38 AM, Info: Terminating SIMPLSharp Services
8/3/2017 11:54:38 AM, Info: Saving project information...
8/3/2017 11:54:38 AM, Info: Terminating SIMPLSharp Services
8/3/2017 11:54:38 AM, Info: Saving project information...
8/3/2017 11:54:38 AM, Info: Terminating SIMPLSharp Services
