12/21/2017 1:56:46 PM, Info: Initializing SIMPLSharp Services...
12/21/2017 1:56:46 PM, Info: ProjectInfo successfully initialized.
12/21/2017 2:33:01 PM, Info: Validating assembly C:\Programming\S#\htdCoreData\htdCoreData\bin\Debug\htdCoreData.dll...
12/21/2017 2:33:01 PM, Info: Verifying assembly C:\Programming\S#\htdCoreData\htdCoreData\bin\Debug\htdCoreData.dll
12/21/2017 2:33:01 PM, Info: Creating Archive C:\Programming\S#\htdCoreData\htdCoreData\bin\Debug\htdCoreData.clz...
12/21/2017 2:33:01 PM, Info: Saving project information...
12/21/2017 3:02:50 PM, Info: Validating assembly C:\Programming\S#\htdCoreData\htdCoreData\bin\Debug\htdCoreData.dll...
12/21/2017 3:02:50 PM, Info: Verifying assembly C:\Programming\S#\htdCoreData\htdCoreData\bin\Debug\htdCoreData.dll
12/21/2017 3:02:50 PM, Info: Creating Archive C:\Programming\S#\htdCoreData\htdCoreData\bin\Debug\htdCoreData.clz...
12/21/2017 3:02:50 PM, Info: Saving project information...
12/21/2017 3:15:01 PM, Info: Validating assembly C:\Programming\S#\htdCoreData\htdCoreData\bin\Debug\htdCoreData.dll...
12/21/2017 3:15:01 PM, Info: Verifying assembly C:\Programming\S#\htdCoreData\htdCoreData\bin\Debug\htdCoreData.dll
12/21/2017 3:15:01 PM, Info: Creating Archive C:\Programming\S#\htdCoreData\htdCoreData\bin\Debug\htdCoreData.clz...
12/21/2017 3:15:02 PM, Info: Saving project information...
12/21/2017 3:17:29 PM, Info: Validating assembly C:\Programming\S#\htdCoreData\htdCoreData\bin\Debug\htdCoreData.dll...
12/21/2017 3:17:29 PM, Info: Verifying assembly C:\Programming\S#\htdCoreData\htdCoreData\bin\Debug\htdCoreData.dll
12/21/2017 3:17:30 PM, Info: Creating Archive C:\Programming\S#\htdCoreData\htdCoreData\bin\Debug\htdCoreData.clz...
12/21/2017 3:17:30 PM, Info: Saving project information...
12/21/2017 3:18:13 PM, Info: Validating assembly C:\Programming\S#\htdCoreData\htdCoreData\bin\Debug\htdCoreData.dll...
12/21/2017 3:18:13 PM, Info: Verifying assembly C:\Programming\S#\htdCoreData\htdCoreData\bin\Debug\htdCoreData.dll
12/21/2017 3:18:13 PM, Info: Creating Archive C:\Programming\S#\htdCoreData\htdCoreData\bin\Debug\htdCoreData.clz...
12/21/2017 3:18:13 PM, Info: Saving project information...
12/21/2017 3:21:39 PM, Info: Validating assembly C:\Programming\S#\htdCoreData\htdCoreData\bin\Debug\htdCoreData.dll...
12/21/2017 3:21:39 PM, Info: Verifying assembly C:\Programming\S#\htdCoreData\htdCoreData\bin\Debug\htdCoreData.dll
12/21/2017 3:21:39 PM, Info: Creating Archive C:\Programming\S#\htdCoreData\htdCoreData\bin\Debug\htdCoreData.clz...
12/21/2017 3:21:39 PM, Info: Saving project information...
12/21/2017 3:28:56 PM, Info: Validating assembly C:\Programming\S#\htdCoreData\htdCoreData\bin\Debug\htdCoreData.dll...
12/21/2017 3:28:56 PM, Info: Verifying assembly C:\Programming\S#\htdCoreData\htdCoreData\bin\Debug\htdCoreData.dll
12/21/2017 3:28:56 PM, Info: Creating Archive C:\Programming\S#\htdCoreData\htdCoreData\bin\Debug\htdCoreData.clz...
12/21/2017 3:28:57 PM, Info: Saving project information...
12/21/2017 3:40:24 PM, Info: Validating assembly C:\Programming\S#\htdCoreData\htdCoreData\bin\Debug\htdCoreData.dll...
12/21/2017 3:40:24 PM, Info: Verifying assembly C:\Programming\S#\htdCoreData\htdCoreData\bin\Debug\htdCoreData.dll
12/21/2017 3:40:24 PM, Info: Creating Archive C:\Programming\S#\htdCoreData\htdCoreData\bin\Debug\htdCoreData.clz...
12/21/2017 3:40:25 PM, Info: Saving project information...
12/21/2017 3:42:14 PM, Info: Validating assembly C:\Programming\S#\htdCoreData\htdCoreData\bin\Debug\htdCoreData.dll...
12/21/2017 3:42:14 PM, Info: Verifying assembly C:\Programming\S#\htdCoreData\htdCoreData\bin\Debug\htdCoreData.dll
12/21/2017 3:42:14 PM, Info: Creating Archive C:\Programming\S#\htdCoreData\htdCoreData\bin\Debug\htdCoreData.clz...
12/21/2017 3:42:14 PM, Info: Saving project information...
12/21/2017 3:46:14 PM, Info: Validating assembly C:\Programming\S#\htdCoreData\htdCoreData\bin\Debug\htdCoreData.dll...
12/21/2017 3:46:14 PM, Info: Verifying assembly C:\Programming\S#\htdCoreData\htdCoreData\bin\Debug\htdCoreData.dll
12/21/2017 3:46:14 PM, Info: Creating Archive C:\Programming\S#\htdCoreData\htdCoreData\bin\Debug\htdCoreData.clz...
12/21/2017 3:46:15 PM, Info: Saving project information...
12/21/2017 3:47:35 PM, Info: Validating assembly C:\Programming\S#\htdCoreData\htdCoreData\bin\Debug\htdCoreData.dll...
12/21/2017 3:47:36 PM, Info: Verifying assembly C:\Programming\S#\htdCoreData\htdCoreData\bin\Debug\htdCoreData.dll
12/21/2017 3:47:36 PM, Info: Creating Archive C:\Programming\S#\htdCoreData\htdCoreData\bin\Debug\htdCoreData.clz...
12/21/2017 3:47:36 PM, Info: Saving project information...
12/21/2017 4:22:50 PM, Info: Validating assembly C:\Programming\S#\htdCoreData\htdCoreData\bin\Debug\htdCoreData.dll...
12/21/2017 4:22:50 PM, Info: Verifying assembly C:\Programming\S#\htdCoreData\htdCoreData\bin\Debug\htdCoreData.dll
12/21/2017 4:22:50 PM, Info: Creating Archive C:\Programming\S#\htdCoreData\htdCoreData\bin\Debug\htdCoreData.clz...
12/21/2017 4:22:50 PM, Info: Saving project information...
12/21/2017 4:41:05 PM, Info: Validating assembly C:\Programming\S#\htdCoreData\htdCoreData\bin\Debug\htdCoreData.dll...
12/21/2017 4:41:06 PM, Info: Verifying assembly C:\Programming\S#\htdCoreData\htdCoreData\bin\Debug\htdCoreData.dll
12/21/2017 4:41:06 PM, Info: Creating Archive C:\Programming\S#\htdCoreData\htdCoreData\bin\Debug\htdCoreData.clz...
12/21/2017 4:41:06 PM, Info: Saving project information...
12/21/2017 4:49:14 PM, Info: Validating assembly C:\Programming\S#\htdCoreData\htdCoreData\bin\Debug\htdCoreData.dll...
12/21/2017 4:49:14 PM, Info: Verifying assembly C:\Programming\S#\htdCoreData\htdCoreData\bin\Debug\htdCoreData.dll
12/21/2017 4:49:14 PM, Info: Creating Archive C:\Programming\S#\htdCoreData\htdCoreData\bin\Debug\htdCoreData.clz...
12/21/2017 4:49:14 PM, Info: Saving project information...
12/21/2017 4:50:44 PM, Info: Validating assembly C:\Programming\S#\htdCoreData\htdCoreData\bin\Debug\htdCoreData.dll...
12/21/2017 4:50:44 PM, Info: Verifying assembly C:\Programming\S#\htdCoreData\htdCoreData\bin\Debug\htdCoreData.dll
12/21/2017 4:50:44 PM, Info: Creating Archive C:\Programming\S#\htdCoreData\htdCoreData\bin\Debug\htdCoreData.clz...
12/21/2017 4:50:44 PM, Info: Saving project information...
12/21/2017 4:53:01 PM, Info: Validating assembly C:\Programming\S#\htdCoreData\htdCoreData\bin\Debug\htdCoreData.dll...
12/21/2017 4:53:02 PM, Info: Verifying assembly C:\Programming\S#\htdCoreData\htdCoreData\bin\Debug\htdCoreData.dll
12/21/2017 4:53:02 PM, Info: Creating Archive C:\Programming\S#\htdCoreData\htdCoreData\bin\Debug\htdCoreData.clz...
12/21/2017 4:53:02 PM, Info: Saving project information...
12/21/2017 4:59:04 PM, Info: Validating assembly C:\Programming\S#\htdCoreData\htdCoreData\bin\Debug\htdCoreData.dll...
12/21/2017 4:59:04 PM, Info: Verifying assembly C:\Programming\S#\htdCoreData\htdCoreData\bin\Debug\htdCoreData.dll
12/21/2017 4:59:04 PM, Info: Creating Archive C:\Programming\S#\htdCoreData\htdCoreData\bin\Debug\htdCoreData.clz...
12/21/2017 4:59:04 PM, Info: Saving project information...
12/21/2017 4:59:57 PM, Info: Validating assembly C:\Programming\S#\htdCoreData\htdCoreData\bin\Debug\htdCoreData.dll...
12/21/2017 4:59:58 PM, Info: Verifying assembly C:\Programming\S#\htdCoreData\htdCoreData\bin\Debug\htdCoreData.dll
12/21/2017 4:59:58 PM, Info: Creating Archive C:\Programming\S#\htdCoreData\htdCoreData\bin\Debug\htdCoreData.clz...
12/21/2017 4:59:58 PM, Info: Saving project information...
12/21/2017 5:09:18 PM, Info: Terminating SIMPLSharp Services
