8/2/2017 4:31:56 PM, Info: Initializing SIMPLSharp Services...
8/2/2017 4:31:56 PM, Info: ProjectInfo successfully initialized.
8/2/2017 4:35:18 PM, Info: Validating assembly C:\Programming\S#\htdCoreData\htdCoreData\bin\Debug\htdCoreData.dll...
8/2/2017 4:35:18 PM, Info: Verifying assembly C:\Programming\S#\htdCoreData\htdCoreData\bin\Debug\htdCoreData.dll
8/2/2017 4:35:18 PM, Info: Creating Archive C:\Programming\S#\htdCoreData\htdCoreData\bin\Debug\htdCoreData.clz...
8/2/2017 4:35:18 PM, Info: Saving project information...
8/2/2017 4:43:54 PM, Info: Saving project information...
8/2/2017 4:43:54 PM, Info: Saving project information...
8/2/2017 4:43:54 PM, Info: Saving project information...
8/2/2017 4:43:54 PM, Info: Saving project information...
8/2/2017 4:43:54 PM, Info: Saving project information...
8/2/2017 4:43:54 PM, Info: Saving project information...
8/2/2017 4:45:22 PM, Info: Initializing SIMPLSharp Services...
8/2/2017 4:45:22 PM, Info: ProjectInfo successfully initialized.
8/2/2017 4:45:23 PM, Info: Initializing SIMPLSharp Services...
8/2/2017 4:45:23 PM, Info: ProjectInfo successfully initialized.
8/2/2017 4:45:23 PM, Info: Initializing SIMPLSharp Services...
8/2/2017 4:45:23 PM, Info: ProjectInfo successfully initialized.
8/2/2017 4:45:23 PM, Info: Initializing SIMPLSharp Services...
8/2/2017 4:45:23 PM, Info: ProjectInfo successfully initialized.
8/2/2017 4:45:24 PM, Info: Initializing SIMPLSharp Services...
8/2/2017 4:45:24 PM, Info: ProjectInfo successfully initialized.
8/2/2017 4:45:24 PM, Info: Initializing SIMPLSharp Services...
8/2/2017 4:45:24 PM, Info: ProjectInfo successfully initialized.
8/2/2017 4:45:25 PM, Info: Initializing SIMPLSharp Services...
8/2/2017 4:45:25 PM, Info: ProjectInfo successfully initialized.
8/2/2017 4:45:25 PM, Info: Initializing SIMPLSharp Services...
8/2/2017 4:45:25 PM, Info: ProjectInfo successfully initialized.
8/2/2017 4:45:25 PM, Info: Initializing SIMPLSharp Services...
8/2/2017 4:45:25 PM, Info: ProjectInfo successfully initialized.
8/2/2017 4:46:48 PM, Info: Saving project information...
8/2/2017 4:46:48 PM, Info: Saving project information...
8/2/2017 4:46:48 PM, Info: Saving project information...
8/2/2017 4:46:48 PM, Info: Saving project information...
8/2/2017 4:46:48 PM, Info: Saving project information...
8/2/2017 4:46:48 PM, Info: Saving project information...
8/2/2017 4:46:48 PM, Info: Saving project information...
8/2/2017 4:46:48 PM, Info: Saving project information...
8/2/2017 4:46:48 PM, Info: Saving project information...
8/2/2017 4:46:48 PM, Info: Saving project information...
8/2/2017 4:46:48 PM, Info: Saving project information...
8/2/2017 4:46:48 PM, Info: Saving project information...
8/2/2017 4:46:48 PM, Info: Saving project information...
8/2/2017 4:46:48 PM, Info: Saving project information...
8/2/2017 4:46:48 PM, Info: Saving project information...
8/2/2017 4:47:54 PM, Info: Initializing SIMPLSharp Services...
8/2/2017 4:47:54 PM, Info: ProjectInfo successfully initialized.
8/2/2017 4:51:34 PM, Info: Initializing SIMPLSharp Services...
8/2/2017 4:51:34 PM, Info: ProjectInfo successfully initialized.
8/2/2017 5:04:57 PM, Info: Validating assembly C:\Programming\S#\htdCoreData\htdCoreData\bin\Debug\htdCoreData.dll...
8/2/2017 5:04:57 PM, Info: Verifying assembly C:\Programming\S#\htdCoreData\htdCoreData\bin\Debug\htdCoreData.dll
8/2/2017 5:04:57 PM, Info: Creating Archive C:\Programming\S#\htdCoreData\htdCoreData\bin\Debug\htdCoreData.clz...
8/2/2017 5:04:57 PM, Info: Saving project information...
8/2/2017 5:10:13 PM, Info: Terminating SIMPLSharp Services
8/2/2017 5:10:13 PM, Info: Saving project information...
8/2/2017 5:10:13 PM, Info: Terminating SIMPLSharp Services
8/2/2017 5:10:13 PM, Info: Saving project information...
8/2/2017 5:10:13 PM, Info: Terminating SIMPLSharp Services
8/2/2017 5:10:13 PM, Info: Saving project information...
8/2/2017 5:10:13 PM, Info: Terminating SIMPLSharp Services
8/2/2017 5:10:13 PM, Info: Saving project information...
8/2/2017 5:10:13 PM, Info: Terminating SIMPLSharp Services
8/2/2017 5:10:13 PM, Info: Saving project information...
8/2/2017 5:10:13 PM, Info: Terminating SIMPLSharp Services
8/2/2017 5:10:13 PM, Info: Saving project information...
8/2/2017 5:10:13 PM, Info: Terminating SIMPLSharp Services
8/2/2017 5:10:13 PM, Info: Saving project information...
8/2/2017 5:10:13 PM, Info: Terminating SIMPLSharp Services
8/2/2017 5:10:13 PM, Info: Saving project information...
8/2/2017 5:10:13 PM, Info: Terminating SIMPLSharp Services
8/2/2017 5:10:13 PM, Info: Saving project information...
8/2/2017 5:10:13 PM, Info: Terminating SIMPLSharp Services
8/2/2017 5:10:13 PM, Info: Saving project information...
8/2/2017 5:10:13 PM, Info: Terminating SIMPLSharp Services
8/2/2017 5:10:13 PM, Info: Saving project information...
8/2/2017 5:10:13 PM, Info: Terminating SIMPLSharp Services
