7/5/2017 2:26:23 PM, Info: Initializing SIMPLSharp Services...
7/5/2017 2:26:24 PM, Info: ProjectInfo successfully initialized.
7/5/2017 2:31:54 PM, Info: Validating assembly C:\Programming\S#\htdCoreData\htdCoreData\bin\Debug\htdCoreData.dll...
7/5/2017 2:31:54 PM, Info: Verifying assembly C:\Programming\S#\htdCoreData\htdCoreData\bin\Debug\htdCoreData.dll
7/5/2017 2:31:54 PM, Info: Creating Archive C:\Programming\S#\htdCoreData\htdCoreData\bin\Debug\htdCoreData.clz...
7/5/2017 2:31:54 PM, Info: Saving project information...
7/5/2017 3:05:18 PM, Info: Validating assembly C:\Programming\S#\htdCoreData\htdCoreData\bin\Debug\htdCoreData.dll...
7/5/2017 3:05:18 PM, Info: Verifying assembly C:\Programming\S#\htdCoreData\htdCoreData\bin\Debug\htdCoreData.dll
7/5/2017 3:05:18 PM, Info: Creating Archive C:\Programming\S#\htdCoreData\htdCoreData\bin\Debug\htdCoreData.clz...
7/5/2017 3:05:18 PM, Info: Saving project information...
7/5/2017 3:22:07 PM, Info: Validating assembly C:\Programming\S#\htdCoreData\htdCoreData\bin\Debug\htdCoreData.dll...
7/5/2017 3:22:07 PM, Info: Verifying assembly C:\Programming\S#\htdCoreData\htdCoreData\bin\Debug\htdCoreData.dll
7/5/2017 3:22:07 PM, Info: Creating Archive C:\Programming\S#\htdCoreData\htdCoreData\bin\Debug\htdCoreData.clz...
7/5/2017 3:22:07 PM, Info: Saving project information...
7/5/2017 4:00:12 PM, Info: Saving project information...
7/5/2017 4:00:12 PM, Info: Saving project information...
7/5/2017 4:00:12 PM, Info: Saving project information...
7/5/2017 4:00:12 PM, Info: Saving project information...
7/5/2017 4:00:12 PM, Info: Saving project information...
7/5/2017 4:00:12 PM, Info: Saving project information...
7/5/2017 4:35:06 PM, Info: Validating assembly C:\Programming\S#\htdCoreData\htdCoreData\bin\Debug\htdCoreData.dll...
7/5/2017 4:35:06 PM, Info: Verifying assembly C:\Programming\S#\htdCoreData\htdCoreData\bin\Debug\htdCoreData.dll
7/5/2017 4:35:06 PM, Info: Creating Archive C:\Programming\S#\htdCoreData\htdCoreData\bin\Debug\htdCoreData.clz...
7/5/2017 4:35:06 PM, Info: Saving project information...
7/5/2017 4:39:36 PM, Info: Validating assembly C:\Programming\S#\htdCoreData\htdCoreData\bin\Debug\htdCoreData.dll...
7/5/2017 4:39:36 PM, Info: Verifying assembly C:\Programming\S#\htdCoreData\htdCoreData\bin\Debug\htdCoreData.dll
7/5/2017 4:39:36 PM, Info: Creating Archive C:\Programming\S#\htdCoreData\htdCoreData\bin\Debug\htdCoreData.clz...
7/5/2017 4:39:36 PM, Info: Saving project information...
7/5/2017 4:56:46 PM, Info: Terminating SIMPLSharp Services
