9/26/2017 3:20:13 PM, Info: Initializing SIMPLSharp Services...
9/26/2017 3:20:14 PM, Info: ProjectInfo successfully initialized.
9/26/2017 4:00:26 PM, Info: Validating assembly C:\Programming\S#\htdCoreData\htdCoreData\bin\Debug\htdCoreData.dll...
9/26/2017 4:00:27 PM, Info: Verifying assembly C:\Programming\S#\htdCoreData\htdCoreData\bin\Debug\htdCoreData.dll
9/26/2017 4:00:27 PM, Info: Creating Archive C:\Programming\S#\htdCoreData\htdCoreData\bin\Debug\htdCoreData.clz...
9/26/2017 4:00:27 PM, Info: Saving project information...
9/26/2017 4:04:18 PM, Info: Validating assembly C:\Programming\S#\htdCoreData\htdCoreData\bin\Debug\htdCoreData.dll...
9/26/2017 4:04:18 PM, Info: Verifying assembly C:\Programming\S#\htdCoreData\htdCoreData\bin\Debug\htdCoreData.dll
9/26/2017 4:04:18 PM, Info: Creating Archive C:\Programming\S#\htdCoreData\htdCoreData\bin\Debug\htdCoreData.clz...
9/26/2017 4:04:18 PM, Info: Saving project information...
9/26/2017 4:07:45 PM, Info: Validating assembly C:\Programming\S#\htdCoreData\htdCoreData\bin\Debug\htdCoreData.dll...
9/26/2017 4:07:45 PM, Info: Verifying assembly C:\Programming\S#\htdCoreData\htdCoreData\bin\Debug\htdCoreData.dll
9/26/2017 4:07:45 PM, Info: Creating Archive C:\Programming\S#\htdCoreData\htdCoreData\bin\Debug\htdCoreData.clz...
9/26/2017 4:07:46 PM, Info: Saving project information...
9/26/2017 4:12:15 PM, Info: Validating assembly C:\Programming\S#\htdCoreData\htdCoreData\bin\Debug\htdCoreData.dll...
9/26/2017 4:12:16 PM, Info: Verifying assembly C:\Programming\S#\htdCoreData\htdCoreData\bin\Debug\htdCoreData.dll
9/26/2017 4:12:16 PM, Info: Creating Archive C:\Programming\S#\htdCoreData\htdCoreData\bin\Debug\htdCoreData.clz...
9/26/2017 4:12:16 PM, Info: Saving project information...
9/26/2017 4:19:28 PM, Info: Validating assembly C:\Programming\S#\htdCoreData\htdCoreData\bin\Debug\htdCoreData.dll...
9/26/2017 4:19:28 PM, Info: Verifying assembly C:\Programming\S#\htdCoreData\htdCoreData\bin\Debug\htdCoreData.dll
9/26/2017 4:19:29 PM, Info: Creating Archive C:\Programming\S#\htdCoreData\htdCoreData\bin\Debug\htdCoreData.clz...
9/26/2017 4:19:29 PM, Info: Saving project information...
9/26/2017 4:21:27 PM, Info: Terminating SIMPLSharp Services
