11/2/2017 9:25:20 AM, Info: Initializing SIMPLSharp Services...
11/2/2017 9:25:21 AM, Info: ProjectInfo successfully initialized.
11/2/2017 9:33:12 AM, Info: Validating assembly C:\Programming\S#\htdCoreData\htdCoreData\bin\Debug\htdCoreData.dll...
11/2/2017 9:33:12 AM, Info: Verifying assembly C:\Programming\S#\htdCoreData\htdCoreData\bin\Debug\htdCoreData.dll
11/2/2017 9:33:12 AM, Info: Creating Archive C:\Programming\S#\htdCoreData\htdCoreData\bin\Debug\htdCoreData.clz...
11/2/2017 9:33:13 AM, Info: Saving project information...
11/2/2017 9:39:27 AM, Info: Validating assembly C:\Programming\S#\htdCoreData\htdCoreData\bin\Debug\htdCoreData.dll...
11/2/2017 9:39:27 AM, Info: Verifying assembly C:\Programming\S#\htdCoreData\htdCoreData\bin\Debug\htdCoreData.dll
11/2/2017 9:39:27 AM, Info: Creating Archive C:\Programming\S#\htdCoreData\htdCoreData\bin\Debug\htdCoreData.clz...
11/2/2017 9:39:27 AM, Info: Saving project information...
11/2/2017 10:00:32 AM, Info: Validating assembly C:\Programming\S#\htdCoreData\htdCoreData\bin\Debug\htdCoreData.dll...
11/2/2017 10:00:32 AM, Info: Verifying assembly C:\Programming\S#\htdCoreData\htdCoreData\bin\Debug\htdCoreData.dll
11/2/2017 10:00:32 AM, Info: Creating Archive C:\Programming\S#\htdCoreData\htdCoreData\bin\Debug\htdCoreData.clz...
11/2/2017 10:00:32 AM, Info: Saving project information...
11/2/2017 10:40:58 AM, Info: Validating assembly C:\Programming\S#\htdCoreData\htdCoreData\bin\Debug\htdCoreData.dll...
11/2/2017 10:40:58 AM, Info: Verifying assembly C:\Programming\S#\htdCoreData\htdCoreData\bin\Debug\htdCoreData.dll
11/2/2017 10:40:58 AM, Info: Creating Archive C:\Programming\S#\htdCoreData\htdCoreData\bin\Debug\htdCoreData.clz...
11/2/2017 10:40:59 AM, Info: Saving project information...
11/2/2017 10:41:37 AM, Info: Validating assembly C:\Programming\S#\htdCoreData\htdCoreData\bin\Debug\htdCoreData.dll...
11/2/2017 10:41:37 AM, Info: Verifying assembly C:\Programming\S#\htdCoreData\htdCoreData\bin\Debug\htdCoreData.dll
11/2/2017 10:41:37 AM, Info: Creating Archive C:\Programming\S#\htdCoreData\htdCoreData\bin\Debug\htdCoreData.clz...
11/2/2017 10:41:37 AM, Info: Saving project information...
11/2/2017 11:01:09 AM, Info: Validating assembly C:\Programming\S#\htdCoreData\htdCoreData\bin\Debug\htdCoreData.dll...
11/2/2017 11:01:09 AM, Info: Verifying assembly C:\Programming\S#\htdCoreData\htdCoreData\bin\Debug\htdCoreData.dll
11/2/2017 11:01:09 AM, Info: Creating Archive C:\Programming\S#\htdCoreData\htdCoreData\bin\Debug\htdCoreData.clz...
11/2/2017 11:01:10 AM, Info: Saving project information...
11/2/2017 11:01:48 AM, Info: Validating assembly C:\Programming\S#\htdCoreData\htdCoreData\bin\Debug\htdCoreData.dll...
11/2/2017 11:01:48 AM, Info: Verifying assembly C:\Programming\S#\htdCoreData\htdCoreData\bin\Debug\htdCoreData.dll
11/2/2017 11:01:48 AM, Info: Creating Archive C:\Programming\S#\htdCoreData\htdCoreData\bin\Debug\htdCoreData.clz...
11/2/2017 11:01:48 AM, Info: Saving project information...
11/2/2017 11:08:51 AM, Info: Validating assembly C:\Programming\S#\htdCoreData\htdCoreData\bin\Debug\htdCoreData.dll...
11/2/2017 11:08:51 AM, Info: Verifying assembly C:\Programming\S#\htdCoreData\htdCoreData\bin\Debug\htdCoreData.dll
11/2/2017 11:08:51 AM, Info: Creating Archive C:\Programming\S#\htdCoreData\htdCoreData\bin\Debug\htdCoreData.clz...
11/2/2017 11:08:52 AM, Info: Saving project information...
11/2/2017 11:49:01 AM, Info: Saving project information...
11/2/2017 11:49:01 AM, Info: Saving project information...
11/2/2017 11:49:01 AM, Info: Saving project information...
11/2/2017 11:49:01 AM, Info: Saving project information...
11/2/2017 11:49:01 AM, Info: Saving project information...
11/2/2017 11:49:01 AM, Info: Saving project information...
11/2/2017 11:49:02 AM, Info: Validating assembly C:\Programming\S#\htdCoreData\htdCoreData\bin\Debug\htdCoreData.dll...
11/2/2017 11:49:02 AM, Info: Verifying assembly C:\Programming\S#\htdCoreData\htdCoreData\bin\Debug\htdCoreData.dll
11/2/2017 11:49:02 AM, Info: Creating Archive C:\Programming\S#\htdCoreData\htdCoreData\bin\Debug\htdCoreData.clz...
11/2/2017 11:49:02 AM, Info: Saving project information...
11/2/2017 1:12:16 PM, Info: Validating assembly C:\Programming\S#\htdCoreData\htdCoreData\bin\Debug\htdCoreData.dll...
11/2/2017 1:12:16 PM, Info: Verifying assembly C:\Programming\S#\htdCoreData\htdCoreData\bin\Debug\htdCoreData.dll
11/2/2017 1:12:16 PM, Info: Creating Archive C:\Programming\S#\htdCoreData\htdCoreData\bin\Debug\htdCoreData.clz...
11/2/2017 1:12:17 PM, Info: Saving project information...
11/2/2017 1:12:23 PM, Info: Validating assembly C:\Programming\S#\htdCoreData\htdCoreData\bin\Debug\htdCoreData.dll...
11/2/2017 1:12:24 PM, Info: Verifying assembly C:\Programming\S#\htdCoreData\htdCoreData\bin\Debug\htdCoreData.dll
11/2/2017 1:12:24 PM, Info: Creating Archive C:\Programming\S#\htdCoreData\htdCoreData\bin\Debug\htdCoreData.clz...
11/2/2017 1:12:24 PM, Info: Saving project information...
11/2/2017 1:13:15 PM, Info: Terminating SIMPLSharp Services
