9/13/2017 9:21:23 AM, Info: Initializing SIMPLSharp Services...
9/13/2017 9:21:23 AM, Info: ProjectInfo successfully initialized.
9/13/2017 9:22:57 AM, Info: Validating assembly C:\Programming\S#\htdCoreData\htdCoreData\bin\Debug\htdCoreData.dll...
9/13/2017 9:22:58 AM, Info: Verifying assembly C:\Programming\S#\htdCoreData\htdCoreData\bin\Debug\htdCoreData.dll
9/13/2017 9:22:58 AM, Info: Creating Archive C:\Programming\S#\htdCoreData\htdCoreData\bin\Debug\htdCoreData.clz...
9/13/2017 9:22:58 AM, Info: Saving project information...
9/13/2017 9:34:58 AM, Info: Validating assembly C:\Programming\S#\htdCoreData\htdCoreData\bin\Debug\htdCoreData.dll...
9/13/2017 9:34:58 AM, Info: Verifying assembly C:\Programming\S#\htdCoreData\htdCoreData\bin\Debug\htdCoreData.dll
9/13/2017 9:34:58 AM, Info: Creating Archive C:\Programming\S#\htdCoreData\htdCoreData\bin\Debug\htdCoreData.clz...
9/13/2017 9:34:59 AM, Info: Saving project information...
9/13/2017 9:40:40 AM, Info: Validating assembly C:\Programming\S#\htdCoreData\htdCoreData\bin\Debug\htdCoreData.dll...
9/13/2017 9:40:40 AM, Info: Verifying assembly C:\Programming\S#\htdCoreData\htdCoreData\bin\Debug\htdCoreData.dll
9/13/2017 9:40:40 AM, Info: Creating Archive C:\Programming\S#\htdCoreData\htdCoreData\bin\Debug\htdCoreData.clz...
9/13/2017 9:40:41 AM, Info: Saving project information...
9/13/2017 9:43:05 AM, Info: Validating assembly C:\Programming\S#\htdCoreData\htdCoreData\bin\Debug\htdCoreData.dll...
9/13/2017 9:43:05 AM, Info: Verifying assembly C:\Programming\S#\htdCoreData\htdCoreData\bin\Debug\htdCoreData.dll
9/13/2017 9:43:05 AM, Info: Creating Archive C:\Programming\S#\htdCoreData\htdCoreData\bin\Debug\htdCoreData.clz...
9/13/2017 9:43:05 AM, Info: Saving project information...
9/13/2017 9:51:19 AM, Info: Validating assembly C:\Programming\S#\htdCoreData\htdCoreData\bin\Debug\htdCoreData.dll...
9/13/2017 9:51:19 AM, Info: Verifying assembly C:\Programming\S#\htdCoreData\htdCoreData\bin\Debug\htdCoreData.dll
9/13/2017 9:51:19 AM, Info: Creating Archive C:\Programming\S#\htdCoreData\htdCoreData\bin\Debug\htdCoreData.clz...
9/13/2017 9:51:19 AM, Info: Saving project information...
9/13/2017 9:53:50 AM, Info: Validating assembly C:\Programming\S#\htdCoreData\htdCoreData\bin\Debug\htdCoreData.dll...
9/13/2017 9:53:50 AM, Info: Verifying assembly C:\Programming\S#\htdCoreData\htdCoreData\bin\Debug\htdCoreData.dll
9/13/2017 9:53:50 AM, Info: Creating Archive C:\Programming\S#\htdCoreData\htdCoreData\bin\Debug\htdCoreData.clz...
9/13/2017 9:53:50 AM, Info: Saving project information...
9/13/2017 9:55:21 AM, Info: Validating assembly C:\Programming\S#\htdCoreData\htdCoreData\bin\Debug\htdCoreData.dll...
9/13/2017 9:55:21 AM, Info: Verifying assembly C:\Programming\S#\htdCoreData\htdCoreData\bin\Debug\htdCoreData.dll
9/13/2017 9:55:21 AM, Info: Creating Archive C:\Programming\S#\htdCoreData\htdCoreData\bin\Debug\htdCoreData.clz...
9/13/2017 9:55:21 AM, Info: Saving project information...
9/13/2017 9:55:51 AM, Info: Validating assembly C:\Programming\S#\htdCoreData\htdCoreData\bin\Debug\htdCoreData.dll...
9/13/2017 9:55:51 AM, Info: Verifying assembly C:\Programming\S#\htdCoreData\htdCoreData\bin\Debug\htdCoreData.dll
9/13/2017 9:55:51 AM, Info: Creating Archive C:\Programming\S#\htdCoreData\htdCoreData\bin\Debug\htdCoreData.clz...
9/13/2017 9:55:52 AM, Info: Saving project information...
9/13/2017 9:56:04 AM, Info: Validating assembly C:\Programming\S#\htdCoreData\htdCoreData\bin\Debug\htdCoreData.dll...
9/13/2017 9:56:04 AM, Info: Verifying assembly C:\Programming\S#\htdCoreData\htdCoreData\bin\Debug\htdCoreData.dll
9/13/2017 9:56:04 AM, Info: Creating Archive C:\Programming\S#\htdCoreData\htdCoreData\bin\Debug\htdCoreData.clz...
9/13/2017 9:56:04 AM, Info: Saving project information...
9/13/2017 10:03:53 AM, Info: Saving project information...
9/13/2017 10:03:53 AM, Info: Saving project information...
9/13/2017 10:03:53 AM, Info: Saving project information...
9/13/2017 10:03:53 AM, Info: Saving project information...
9/13/2017 10:03:53 AM, Info: Saving project information...
9/13/2017 10:03:53 AM, Info: Saving project information...
9/13/2017 10:03:54 AM, Info: Validating assembly C:\Programming\S#\htdCoreData\htdCoreData\bin\Debug\htdCoreData.dll...
9/13/2017 10:03:54 AM, Info: Verifying assembly C:\Programming\S#\htdCoreData\htdCoreData\bin\Debug\htdCoreData.dll
9/13/2017 10:03:54 AM, Info: Creating Archive C:\Programming\S#\htdCoreData\htdCoreData\bin\Debug\htdCoreData.clz...
9/13/2017 10:03:54 AM, Info: Saving project information...
9/13/2017 10:27:28 AM, Info: Validating assembly C:\Programming\S#\htdCoreData\htdCoreData\bin\Debug\htdCoreData.dll...
9/13/2017 10:27:28 AM, Info: Verifying assembly C:\Programming\S#\htdCoreData\htdCoreData\bin\Debug\htdCoreData.dll
9/13/2017 10:27:28 AM, Info: Creating Archive C:\Programming\S#\htdCoreData\htdCoreData\bin\Debug\htdCoreData.clz...
9/13/2017 10:27:28 AM, Info: Saving project information...
9/13/2017 10:27:42 AM, Info: Validating assembly C:\Programming\S#\htdCoreData\htdCoreData\bin\Debug\htdCoreData.dll...
9/13/2017 10:27:42 AM, Info: Verifying assembly C:\Programming\S#\htdCoreData\htdCoreData\bin\Debug\htdCoreData.dll
9/13/2017 10:27:42 AM, Info: Creating Archive C:\Programming\S#\htdCoreData\htdCoreData\bin\Debug\htdCoreData.clz...
9/13/2017 10:27:43 AM, Info: Saving project information...
9/13/2017 10:41:54 AM, Info: Validating assembly C:\Programming\S#\htdCoreData\htdCoreData\bin\Debug\htdCoreData.dll...
9/13/2017 10:41:55 AM, Info: Verifying assembly C:\Programming\S#\htdCoreData\htdCoreData\bin\Debug\htdCoreData.dll
9/13/2017 10:41:55 AM, Info: Creating Archive C:\Programming\S#\htdCoreData\htdCoreData\bin\Debug\htdCoreData.clz...
9/13/2017 10:41:55 AM, Info: Saving project information...
9/13/2017 10:43:30 AM, Info: Validating assembly C:\Programming\S#\htdCoreData\htdCoreData\bin\Debug\htdCoreData.dll...
9/13/2017 10:43:30 AM, Info: Verifying assembly C:\Programming\S#\htdCoreData\htdCoreData\bin\Debug\htdCoreData.dll
9/13/2017 10:43:30 AM, Info: Creating Archive C:\Programming\S#\htdCoreData\htdCoreData\bin\Debug\htdCoreData.clz...
9/13/2017 10:43:31 AM, Info: Saving project information...
9/13/2017 11:00:36 AM, Info: Validating assembly C:\Programming\S#\htdCoreData\htdCoreData\bin\Debug\htdCoreData.dll...
9/13/2017 11:00:36 AM, Info: Verifying assembly C:\Programming\S#\htdCoreData\htdCoreData\bin\Debug\htdCoreData.dll
9/13/2017 11:00:36 AM, Info: Creating Archive C:\Programming\S#\htdCoreData\htdCoreData\bin\Debug\htdCoreData.clz...
9/13/2017 11:00:36 AM, Info: Saving project information...
9/13/2017 11:01:11 AM, Info: Validating assembly C:\Programming\S#\htdCoreData\htdCoreData\bin\Debug\htdCoreData.dll...
9/13/2017 11:01:11 AM, Info: Verifying assembly C:\Programming\S#\htdCoreData\htdCoreData\bin\Debug\htdCoreData.dll
9/13/2017 11:01:12 AM, Info: Creating Archive C:\Programming\S#\htdCoreData\htdCoreData\bin\Debug\htdCoreData.clz...
9/13/2017 11:01:12 AM, Info: Saving project information...
9/13/2017 12:14:09 PM, Info: Validating assembly C:\Programming\S#\htdCoreData\htdCoreData\bin\Debug\htdCoreData.dll...
9/13/2017 12:14:09 PM, Info: Verifying assembly C:\Programming\S#\htdCoreData\htdCoreData\bin\Debug\htdCoreData.dll
9/13/2017 12:14:09 PM, Info: Creating Archive C:\Programming\S#\htdCoreData\htdCoreData\bin\Debug\htdCoreData.clz...
9/13/2017 12:14:09 PM, Info: Saving project information...
9/13/2017 2:03:33 PM, Info: Validating assembly C:\Programming\S#\htdCoreData\htdCoreData\bin\Debug\htdCoreData.dll...
9/13/2017 2:03:33 PM, Info: Verifying assembly C:\Programming\S#\htdCoreData\htdCoreData\bin\Debug\htdCoreData.dll
9/13/2017 2:03:33 PM, Info: Creating Archive C:\Programming\S#\htdCoreData\htdCoreData\bin\Debug\htdCoreData.clz...
9/13/2017 2:03:33 PM, Info: Saving project information...
9/13/2017 2:19:16 PM, Info: Validating assembly C:\Programming\S#\htdCoreData\htdCoreData\bin\Debug\htdCoreData.dll...
9/13/2017 2:19:16 PM, Info: Verifying assembly C:\Programming\S#\htdCoreData\htdCoreData\bin\Debug\htdCoreData.dll
9/13/2017 2:19:16 PM, Info: Creating Archive C:\Programming\S#\htdCoreData\htdCoreData\bin\Debug\htdCoreData.clz...
9/13/2017 2:19:16 PM, Info: Saving project information...
9/13/2017 2:25:22 PM, Info: Validating assembly C:\Programming\S#\htdCoreData\htdCoreData\bin\Debug\htdCoreData.dll...
9/13/2017 2:25:22 PM, Info: Verifying assembly C:\Programming\S#\htdCoreData\htdCoreData\bin\Debug\htdCoreData.dll
9/13/2017 2:25:22 PM, Info: Creating Archive C:\Programming\S#\htdCoreData\htdCoreData\bin\Debug\htdCoreData.clz...
9/13/2017 2:25:23 PM, Info: Saving project information...
9/13/2017 2:46:17 PM, Info: Saving project information...
9/13/2017 2:46:17 PM, Info: Saving project information...
9/13/2017 2:46:17 PM, Info: Saving project information...
9/13/2017 2:51:17 PM, Info: Saving project information...
9/13/2017 2:51:17 PM, Info: Saving project information...
9/13/2017 2:51:17 PM, Info: Saving project information...
9/13/2017 2:53:37 PM, Info: Saving project information...
9/13/2017 2:53:37 PM, Info: Saving project information...
9/13/2017 2:53:37 PM, Info: Saving project information...
9/13/2017 2:53:37 PM, Info: Saving project information...
9/13/2017 2:53:37 PM, Info: Saving project information...
9/13/2017 2:53:37 PM, Info: Saving project information...
9/13/2017 2:53:38 PM, Info: Validating assembly C:\Programming\S#\htdCoreData\htdCoreData\bin\Debug\htdCoreData.dll...
9/13/2017 2:53:38 PM, Info: Verifying assembly C:\Programming\S#\htdCoreData\htdCoreData\bin\Debug\htdCoreData.dll
9/13/2017 2:53:38 PM, Info: Creating Archive C:\Programming\S#\htdCoreData\htdCoreData\bin\Debug\htdCoreData.clz...
9/13/2017 2:53:38 PM, Info: Saving project information...
9/13/2017 3:00:18 PM, Info: Validating assembly C:\Programming\S#\htdCoreData\htdCoreData\bin\Debug\htdCoreData.dll...
9/13/2017 3:00:18 PM, Info: Verifying assembly C:\Programming\S#\htdCoreData\htdCoreData\bin\Debug\htdCoreData.dll
9/13/2017 3:00:18 PM, Info: Creating Archive C:\Programming\S#\htdCoreData\htdCoreData\bin\Debug\htdCoreData.clz...
9/13/2017 3:00:18 PM, Info: Saving project information...
9/13/2017 3:15:00 PM, Info: Validating assembly C:\Programming\S#\htdCoreData\htdCoreData\bin\Debug\htdCoreData.dll...
9/13/2017 3:15:00 PM, Info: Verifying assembly C:\Programming\S#\htdCoreData\htdCoreData\bin\Debug\htdCoreData.dll
9/13/2017 3:15:00 PM, Info: Creating Archive C:\Programming\S#\htdCoreData\htdCoreData\bin\Debug\htdCoreData.clz...
9/13/2017 3:15:00 PM, Info: Saving project information...
9/13/2017 4:07:30 PM, Info: Validating assembly C:\Programming\S#\htdCoreData\htdCoreData\bin\Debug\htdCoreData.dll...
9/13/2017 4:07:31 PM, Info: Verifying assembly C:\Programming\S#\htdCoreData\htdCoreData\bin\Debug\htdCoreData.dll
9/13/2017 4:07:31 PM, Info: Creating Archive C:\Programming\S#\htdCoreData\htdCoreData\bin\Debug\htdCoreData.clz...
9/13/2017 4:07:31 PM, Info: Saving project information...
9/13/2017 4:25:49 PM, Info: Validating assembly C:\Programming\S#\htdCoreData\htdCoreData\bin\Debug\htdCoreData.dll...
9/13/2017 4:25:49 PM, Info: Verifying assembly C:\Programming\S#\htdCoreData\htdCoreData\bin\Debug\htdCoreData.dll
9/13/2017 4:25:49 PM, Info: Creating Archive C:\Programming\S#\htdCoreData\htdCoreData\bin\Debug\htdCoreData.clz...
9/13/2017 4:25:50 PM, Info: Saving project information...
9/13/2017 4:49:53 PM, Info: Terminating SIMPLSharp Services
