11/8/2017 1:53:14 PM, Info: Initializing SIMPLSharp Services...
11/8/2017 1:53:14 PM, Info: ProjectInfo successfully initialized.
11/8/2017 4:36:01 PM, Info: Saving project information...
11/8/2017 4:36:01 PM, Info: Saving project information...
11/8/2017 4:36:01 PM, Info: Saving project information...
11/8/2017 4:41:01 PM, Info: Saving project information...
11/8/2017 4:41:01 PM, Info: Saving project information...
11/8/2017 4:41:01 PM, Info: Saving project information...
11/8/2017 4:46:01 PM, Info: Saving project information...
11/8/2017 4:46:01 PM, Info: Saving project information...
11/8/2017 4:46:01 PM, Info: Saving project information...
11/8/2017 4:47:36 PM, Info: Saving project information...
11/8/2017 4:47:36 PM, Info: Saving project information...
11/8/2017 4:47:36 PM, Info: Saving project information...
11/8/2017 4:47:36 PM, Info: Saving project information...
11/8/2017 4:47:36 PM, Info: Saving project information...
11/8/2017 4:47:36 PM, Info: Saving project information...
11/8/2017 4:47:38 PM, Info: Validating assembly C:\Programming\S#\htdCoreData\htdCoreData\bin\Debug\htdCoreData.dll...
11/8/2017 4:47:38 PM, Info: Verifying assembly C:\Programming\S#\htdCoreData\htdCoreData\bin\Debug\htdCoreData.dll
11/8/2017 4:47:38 PM, Info: Creating Archive C:\Programming\S#\htdCoreData\htdCoreData\bin\Debug\htdCoreData.clz...
11/8/2017 4:47:39 PM, Info: Saving project information...
11/8/2017 4:57:21 PM, Info: Validating assembly C:\Programming\S#\htdCoreData\htdCoreData\bin\Debug\htdCoreData.dll...
11/8/2017 4:57:21 PM, Info: Verifying assembly C:\Programming\S#\htdCoreData\htdCoreData\bin\Debug\htdCoreData.dll
11/8/2017 4:57:21 PM, Info: Creating Archive C:\Programming\S#\htdCoreData\htdCoreData\bin\Debug\htdCoreData.clz...
11/8/2017 4:57:21 PM, Info: Saving project information...
11/8/2017 4:58:00 PM, Info: Validating assembly C:\Programming\S#\htdCoreData\htdCoreData\bin\Debug\htdCoreData.dll...
11/8/2017 4:58:00 PM, Info: Verifying assembly C:\Programming\S#\htdCoreData\htdCoreData\bin\Debug\htdCoreData.dll
11/8/2017 4:58:00 PM, Info: Creating Archive C:\Programming\S#\htdCoreData\htdCoreData\bin\Debug\htdCoreData.clz...
11/8/2017 4:58:00 PM, Info: Saving project information...
11/8/2017 4:59:04 PM, Info: Terminating SIMPLSharp Services
