1/25/2018 11:21:28 AM, Info: Initializing SIMPLSharp Services...
1/25/2018 11:21:28 AM, Info: ProjectInfo successfully initialized.
1/25/2018 11:22:24 AM, Info: Saving project information...
1/25/2018 11:22:24 AM, Info: Saving project information...
1/25/2018 11:22:24 AM, Info: Saving project information...
1/25/2018 11:22:24 AM, Info: Saving project information...
1/25/2018 11:22:24 AM, Info: Saving project information...
1/25/2018 11:22:24 AM, Info: Saving project information...
1/25/2018 11:22:25 AM, Info: Validating assembly C:\Programming\S#\htdCoreData\htdCoreData\bin\Debug\htdCoreData.dll...
1/25/2018 11:22:26 AM, Info: Verifying assembly C:\Programming\S#\htdCoreData\htdCoreData\bin\Debug\htdCoreData.dll
1/25/2018 11:22:26 AM, Info: Creating Archive C:\Programming\S#\htdCoreData\htdCoreData\bin\Debug\htdCoreData.clz...
1/25/2018 11:22:26 AM, Info: Saving project information...
1/25/2018 11:25:52 AM, Info: Validating assembly C:\Programming\S#\htdCoreData\htdCoreData\bin\Debug\htdCoreData.dll...
1/25/2018 11:25:52 AM, Info: Verifying assembly C:\Programming\S#\htdCoreData\htdCoreData\bin\Debug\htdCoreData.dll
1/25/2018 11:25:52 AM, Info: Creating Archive C:\Programming\S#\htdCoreData\htdCoreData\bin\Debug\htdCoreData.clz...
1/25/2018 11:25:52 AM, Info: Saving project information...
1/25/2018 2:04:35 PM, Info: Validating assembly C:\Programming\S#\htdCoreData\htdCoreData\bin\Debug\htdCoreData.dll...
1/25/2018 2:04:35 PM, Info: Verifying assembly C:\Programming\S#\htdCoreData\htdCoreData\bin\Debug\htdCoreData.dll
1/25/2018 2:04:36 PM, Info: Creating Archive C:\Programming\S#\htdCoreData\htdCoreData\bin\Debug\htdCoreData.clz...
1/25/2018 2:04:36 PM, Info: Saving project information...
1/25/2018 4:28:44 PM, Info: Terminating SIMPLSharp Services
