9/12/2017 9:51:26 AM, Info: Initializing SIMPLSharp Services...
9/12/2017 9:51:26 AM, Info: ProjectInfo successfully initialized.
9/12/2017 9:51:59 AM, Info: Initializing SIMPLSharp Services...
9/12/2017 9:51:59 AM, Info: ProjectInfo successfully initialized.
9/12/2017 4:02:09 PM, Info: Validating assembly C:\Programming\S#\htdCoreData\htdCoreData\bin\Debug\htdCoreData.dll...
9/12/2017 4:02:09 PM, Info: Verifying assembly C:\Programming\S#\htdCoreData\htdCoreData\bin\Debug\htdCoreData.dll
9/12/2017 4:02:09 PM, Info: Creating Archive C:\Programming\S#\htdCoreData\htdCoreData\bin\Debug\htdCoreData.clz...
9/12/2017 4:02:09 PM, Info: Saving project information...
9/12/2017 4:40:56 PM, Info: Validating assembly C:\Programming\S#\htdCoreData\htdCoreData\bin\Debug\htdCoreData.dll...
9/12/2017 4:40:56 PM, Info: Verifying assembly C:\Programming\S#\htdCoreData\htdCoreData\bin\Debug\htdCoreData.dll
9/12/2017 4:40:56 PM, Info: Creating Archive C:\Programming\S#\htdCoreData\htdCoreData\bin\Debug\htdCoreData.clz...
9/12/2017 4:40:56 PM, Info: Saving project information...
9/12/2017 4:43:45 PM, Info: Validating assembly C:\Programming\S#\htdCoreData\htdCoreData\bin\Debug\htdCoreData.dll...
9/12/2017 4:43:45 PM, Info: Verifying assembly C:\Programming\S#\htdCoreData\htdCoreData\bin\Debug\htdCoreData.dll
9/12/2017 4:43:45 PM, Info: Creating Archive C:\Programming\S#\htdCoreData\htdCoreData\bin\Debug\htdCoreData.clz...
9/12/2017 4:43:45 PM, Info: Saving project information...
9/12/2017 4:43:56 PM, Info: Validating assembly C:\Programming\S#\htdCoreData\htdCoreData\bin\Debug\htdCoreData.dll...
9/12/2017 4:43:56 PM, Info: Verifying assembly C:\Programming\S#\htdCoreData\htdCoreData\bin\Debug\htdCoreData.dll
9/12/2017 4:43:56 PM, Info: Creating Archive C:\Programming\S#\htdCoreData\htdCoreData\bin\Debug\htdCoreData.clz...
9/12/2017 4:43:57 PM, Info: Saving project information...
9/12/2017 4:56:14 PM, Info: Terminating SIMPLSharp Services
9/12/2017 4:56:14 PM, Info: Saving project information...
9/12/2017 4:56:14 PM, Info: Terminating SIMPLSharp Services
