1/10/2018 10:23:28 AM, Info: Initializing SIMPLSharp Services...
1/10/2018 10:23:28 AM, Info: ProjectInfo successfully initialized.
1/10/2018 10:28:20 AM, Info: Saving project information...
1/10/2018 10:28:20 AM, Info: Saving project information...
1/10/2018 10:28:20 AM, Info: Saving project information...
1/10/2018 10:33:20 AM, Info: Saving project information...
1/10/2018 10:33:20 AM, Info: Saving project information...
1/10/2018 10:33:20 AM, Info: Saving project information...
1/10/2018 10:38:20 AM, Info: Saving project information...
1/10/2018 10:38:20 AM, Info: Saving project information...
1/10/2018 10:38:20 AM, Info: Saving project information...
1/10/2018 10:43:20 AM, Info: Saving project information...
1/10/2018 10:43:20 AM, Info: Saving project information...
1/10/2018 10:43:20 AM, Info: Saving project information...
1/10/2018 10:48:20 AM, Info: Saving project information...
1/10/2018 10:48:20 AM, Info: Saving project information...
1/10/2018 10:48:20 AM, Info: Saving project information...
1/10/2018 10:53:20 AM, Info: Saving project information...
1/10/2018 10:53:20 AM, Info: Saving project information...
1/10/2018 10:53:20 AM, Info: Saving project information...
1/10/2018 10:58:20 AM, Info: Saving project information...
1/10/2018 10:58:20 AM, Info: Saving project information...
1/10/2018 10:58:20 AM, Info: Saving project information...
1/10/2018 11:03:20 AM, Info: Saving project information...
1/10/2018 11:03:20 AM, Info: Saving project information...
1/10/2018 11:03:20 AM, Info: Saving project information...
1/10/2018 11:08:20 AM, Info: Saving project information...
1/10/2018 11:08:20 AM, Info: Saving project information...
1/10/2018 11:08:20 AM, Info: Saving project information...
1/10/2018 11:13:20 AM, Info: Saving project information...
1/10/2018 11:13:20 AM, Info: Saving project information...
1/10/2018 11:13:20 AM, Info: Saving project information...
1/10/2018 11:18:20 AM, Info: Saving project information...
1/10/2018 11:18:20 AM, Info: Saving project information...
1/10/2018 11:18:20 AM, Info: Saving project information...
1/10/2018 11:23:20 AM, Info: Saving project information...
1/10/2018 11:23:20 AM, Info: Saving project information...
1/10/2018 11:23:20 AM, Info: Saving project information...
1/10/2018 11:28:20 AM, Info: Saving project information...
1/10/2018 11:28:20 AM, Info: Saving project information...
1/10/2018 11:28:20 AM, Info: Saving project information...
1/10/2018 11:33:20 AM, Info: Saving project information...
1/10/2018 11:33:20 AM, Info: Saving project information...
1/10/2018 11:33:20 AM, Info: Saving project information...
1/10/2018 11:38:20 AM, Info: Saving project information...
1/10/2018 11:38:20 AM, Info: Saving project information...
1/10/2018 11:38:20 AM, Info: Saving project information...
1/10/2018 11:43:20 AM, Info: Saving project information...
1/10/2018 11:43:20 AM, Info: Saving project information...
1/10/2018 11:43:20 AM, Info: Saving project information...
1/10/2018 11:48:20 AM, Info: Saving project information...
1/10/2018 11:48:20 AM, Info: Saving project information...
1/10/2018 11:48:20 AM, Info: Saving project information...
1/10/2018 11:53:20 AM, Info: Saving project information...
1/10/2018 11:53:20 AM, Info: Saving project information...
1/10/2018 11:53:20 AM, Info: Saving project information...
1/10/2018 11:58:20 AM, Info: Saving project information...
1/10/2018 11:58:20 AM, Info: Saving project information...
1/10/2018 11:58:20 AM, Info: Saving project information...
1/10/2018 12:49:25 PM, Info: Saving project information...
1/10/2018 12:49:25 PM, Info: Saving project information...
1/10/2018 12:49:25 PM, Info: Saving project information...
1/10/2018 12:54:25 PM, Info: Saving project information...
1/10/2018 12:54:25 PM, Info: Saving project information...
1/10/2018 12:54:25 PM, Info: Saving project information...
1/10/2018 12:56:41 PM, Info: Saving project information...
1/10/2018 12:56:41 PM, Info: Saving project information...
1/10/2018 12:56:41 PM, Info: Saving project information...
1/10/2018 12:56:41 PM, Info: Saving project information...
1/10/2018 12:56:41 PM, Info: Saving project information...
1/10/2018 12:56:41 PM, Info: Saving project information...
1/10/2018 12:56:41 PM, Info: Terminating SIMPLSharp Services
