10/13/2017 10:36:18 AM, Info: Initializing SIMPLSharp Services...
10/13/2017 10:36:19 AM, Info: ProjectInfo successfully initialized.
10/13/2017 10:38:41 AM, Info: Validating assembly C:\Programming\S#\htdCoreData\htdCoreData\bin\Debug\htdCoreData.dll...
10/13/2017 10:38:42 AM, Info: Verifying assembly C:\Programming\S#\htdCoreData\htdCoreData\bin\Debug\htdCoreData.dll
10/13/2017 10:38:42 AM, Info: Creating Archive C:\Programming\S#\htdCoreData\htdCoreData\bin\Debug\htdCoreData.clz...
10/13/2017 10:38:42 AM, Info: Saving project information...
10/13/2017 10:43:51 AM, Info: Saving project information...
10/13/2017 10:43:51 AM, Info: Saving project information...
10/13/2017 10:43:51 AM, Info: Saving project information...
10/13/2017 10:43:51 AM, Info: Saving project information...
10/13/2017 10:43:51 AM, Info: Saving project information...
10/13/2017 10:43:51 AM, Info: Saving project information...
10/13/2017 10:43:52 AM, Info: Validating assembly C:\Programming\S#\htdCoreData\htdCoreData\bin\Debug\htdCoreData.dll...
10/13/2017 10:43:52 AM, Info: Verifying assembly C:\Programming\S#\htdCoreData\htdCoreData\bin\Debug\htdCoreData.dll
10/13/2017 10:43:52 AM, Info: Creating Archive C:\Programming\S#\htdCoreData\htdCoreData\bin\Debug\htdCoreData.clz...
10/13/2017 10:43:52 AM, Info: Saving project information...
10/13/2017 10:46:05 AM, Info: Validating assembly C:\Programming\S#\htdCoreData\htdCoreData\bin\Debug\htdCoreData.dll...
10/13/2017 10:46:05 AM, Info: Verifying assembly C:\Programming\S#\htdCoreData\htdCoreData\bin\Debug\htdCoreData.dll
10/13/2017 10:46:06 AM, Info: Creating Archive C:\Programming\S#\htdCoreData\htdCoreData\bin\Debug\htdCoreData.clz...
10/13/2017 10:46:06 AM, Info: Saving project information...
10/13/2017 11:04:13 AM, Info: Terminating SIMPLSharp Services
