5/19/2017 12:43:33 PM, Info: Initializing SIMPLSharp Services...
5/19/2017 12:43:33 PM, Info: ProjectInfo successfully initialized.
5/19/2017 12:48:30 PM, Info: Saving project information...
5/19/2017 12:48:30 PM, Info: Saving project information...
5/19/2017 12:48:30 PM, Info: Saving project information...
5/19/2017 12:48:43 PM, Info: Saving project information...
5/19/2017 12:48:43 PM, Info: Saving project information...
5/19/2017 12:48:43 PM, Info: Saving project information...
5/19/2017 12:48:43 PM, Info: Saving project information...
5/19/2017 12:48:43 PM, Info: Saving project information...
5/19/2017 12:48:43 PM, Info: Saving project information...
5/19/2017 12:48:44 PM, Info: Validating assembly C:\Programming\S#\htdCoreData\htdCoreData\bin\Debug\htdCoreData.dll...
5/19/2017 12:48:44 PM, Info: Verifying assembly C:\Programming\S#\htdCoreData\htdCoreData\bin\Debug\htdCoreData.dll
5/19/2017 12:48:44 PM, Info: Creating Archive C:\Programming\S#\htdCoreData\htdCoreData\bin\Debug\htdCoreData.clz...
5/19/2017 12:48:44 PM, Info: Saving project information...
5/19/2017 1:02:54 PM, Info: Validating assembly C:\Programming\S#\htdCoreData\htdCoreData\bin\Debug\htdCoreData.dll...
5/19/2017 1:02:54 PM, Info: Verifying assembly C:\Programming\S#\htdCoreData\htdCoreData\bin\Debug\htdCoreData.dll
5/19/2017 1:02:54 PM, Info: Creating Archive C:\Programming\S#\htdCoreData\htdCoreData\bin\Debug\htdCoreData.clz...
5/19/2017 1:02:55 PM, Info: Saving project information...
5/19/2017 1:04:01 PM, Info: Validating assembly C:\Programming\S#\htdCoreData\htdCoreData\bin\Debug\htdCoreData.dll...
5/19/2017 1:04:01 PM, Info: Verifying assembly C:\Programming\S#\htdCoreData\htdCoreData\bin\Debug\htdCoreData.dll
5/19/2017 1:04:01 PM, Info: Creating Archive C:\Programming\S#\htdCoreData\htdCoreData\bin\Debug\htdCoreData.clz...
5/19/2017 1:04:01 PM, Info: Saving project information...
5/19/2017 1:09:26 PM, Info: Terminating SIMPLSharp Services
