7/6/2017 12:24:06 PM, Info: Initializing SIMPLSharp Services...
7/6/2017 12:24:06 PM, Info: ProjectInfo successfully initialized.
7/6/2017 12:31:14 PM, Info: Validating assembly C:\Programming\S#\htdCoreData\htdCoreData\bin\Debug\htdCoreData.dll...
7/6/2017 12:31:14 PM, Info: Verifying assembly C:\Programming\S#\htdCoreData\htdCoreData\bin\Debug\htdCoreData.dll
7/6/2017 12:31:14 PM, Info: Creating Archive C:\Programming\S#\htdCoreData\htdCoreData\bin\Debug\htdCoreData.clz...
7/6/2017 12:31:14 PM, Info: Saving project information...
7/6/2017 12:46:06 PM, Info: Validating assembly C:\Programming\S#\htdCoreData\htdCoreData\bin\Debug\htdCoreData.dll...
7/6/2017 12:46:06 PM, Info: Verifying assembly C:\Programming\S#\htdCoreData\htdCoreData\bin\Debug\htdCoreData.dll
7/6/2017 12:46:06 PM, Info: Creating Archive C:\Programming\S#\htdCoreData\htdCoreData\bin\Debug\htdCoreData.clz...
7/6/2017 12:46:06 PM, Info: Saving project information...
7/6/2017 12:54:15 PM, Info: Initializing SIMPLSharp Services...
7/6/2017 12:54:15 PM, Info: ProjectInfo successfully initialized.
7/6/2017 12:55:54 PM, Info: Initializing SIMPLSharp Services...
7/6/2017 12:55:54 PM, Info: ProjectInfo successfully initialized.
7/6/2017 12:57:10 PM, Info: Saving project information...
7/6/2017 12:57:10 PM, Info: Saving project information...
7/6/2017 12:57:10 PM, Info: Saving project information...
7/6/2017 12:57:10 PM, Info: Saving project information...
7/6/2017 12:57:10 PM, Info: Saving project information...
7/6/2017 12:57:10 PM, Info: Saving project information...
7/6/2017 12:57:12 PM, Info: Terminating SIMPLSharp Services
7/6/2017 12:57:12 PM, Info: Saving project information...
7/6/2017 12:57:12 PM, Info: Terminating SIMPLSharp Services
7/6/2017 12:57:12 PM, Info: Saving project information...
7/6/2017 12:57:12 PM, Info: Terminating SIMPLSharp Services
