5/19/2017 12:28:08 PM, Info: Initializing SIMPLSharp Services...
5/19/2017 12:28:08 PM, Info: ProjectInfo successfully initialized.
5/19/2017 12:34:08 PM, Info: Validating assembly C:\Programming\S#\htdCoreData\htdCoreData\bin\Debug\htdCoreData.dll...
5/19/2017 12:34:09 PM, Info: Verifying assembly C:\Programming\S#\htdCoreData\htdCoreData\bin\Debug\htdCoreData.dll
5/19/2017 12:34:09 PM, Info: Creating Archive C:\Programming\S#\htdCoreData\htdCoreData\bin\Debug\htdCoreData.clz...
5/19/2017 12:34:09 PM, Info: Saving project information...
5/19/2017 12:35:10 PM, Info: Validating assembly C:\Programming\S#\htdCoreData\htdCoreData\bin\Debug\htdCoreData.dll...
5/19/2017 12:35:10 PM, Info: Verifying assembly C:\Programming\S#\htdCoreData\htdCoreData\bin\Debug\htdCoreData.dll
5/19/2017 12:35:10 PM, Info: Creating Archive C:\Programming\S#\htdCoreData\htdCoreData\bin\Debug\htdCoreData.clz...
5/19/2017 12:35:10 PM, Info: Saving project information...
5/19/2017 12:36:22 PM, Info: Validating assembly C:\Programming\S#\htdCoreData\htdCoreData\bin\Debug\htdCoreData.dll...
5/19/2017 12:36:22 PM, Info: Verifying assembly C:\Programming\S#\htdCoreData\htdCoreData\bin\Debug\htdCoreData.dll
5/19/2017 12:36:22 PM, Info: Creating Archive C:\Programming\S#\htdCoreData\htdCoreData\bin\Debug\htdCoreData.clz...
5/19/2017 12:36:22 PM, Info: Saving project information...
5/19/2017 12:37:42 PM, Info: Validating assembly C:\Programming\S#\htdCoreData\htdCoreData\bin\Debug\htdCoreData.dll...
5/19/2017 12:37:42 PM, Info: Verifying assembly C:\Programming\S#\htdCoreData\htdCoreData\bin\Debug\htdCoreData.dll
5/19/2017 12:37:42 PM, Info: Creating Archive C:\Programming\S#\htdCoreData\htdCoreData\bin\Debug\htdCoreData.clz...
5/19/2017 12:37:42 PM, Info: Saving project information...
5/19/2017 12:43:07 PM, Info: Initializing SIMPLSharp Services...
5/19/2017 12:43:07 PM, Info: ProjectInfo successfully initialized.
5/19/2017 12:53:31 PM, Info: Initializing SIMPLSharp Services...
5/19/2017 12:53:31 PM, Info: ProjectInfo successfully initialized.
5/19/2017 1:00:36 PM, Info: Initializing SIMPLSharp Services...
5/19/2017 1:00:36 PM, Info: ProjectInfo successfully initialized.
5/19/2017 1:09:39 PM, Info: Initializing SIMPLSharp Services...
5/19/2017 1:09:39 PM, Info: ProjectInfo successfully initialized.
5/19/2017 1:34:30 PM, Info: Initializing SIMPLSharp Services...
5/19/2017 1:34:30 PM, Info: ProjectInfo successfully initialized.
5/19/2017 1:45:15 PM, Info: Validating assembly C:\Programming\S#\htdCoreData\htdCoreData\bin\Debug\htdCoreData.dll...
5/19/2017 1:45:15 PM, Info: Verifying assembly C:\Programming\S#\htdCoreData\htdCoreData\bin\Debug\htdCoreData.dll
5/19/2017 1:45:15 PM, Info: Creating Archive C:\Programming\S#\htdCoreData\htdCoreData\bin\Debug\htdCoreData.clz...
5/19/2017 1:45:15 PM, Info: Saving project information...
5/19/2017 1:52:49 PM, Info: Terminating SIMPLSharp Services
5/19/2017 1:52:49 PM, Info: Saving project information...
5/19/2017 1:52:49 PM, Info: Terminating SIMPLSharp Services
5/19/2017 1:52:49 PM, Info: Saving project information...
5/19/2017 1:52:49 PM, Info: Terminating SIMPLSharp Services
5/19/2017 1:52:49 PM, Info: Saving project information...
5/19/2017 1:52:49 PM, Info: Terminating SIMPLSharp Services
5/19/2017 1:52:49 PM, Info: Saving project information...
5/19/2017 1:52:49 PM, Info: Terminating SIMPLSharp Services
5/19/2017 1:52:49 PM, Info: Saving project information...
5/19/2017 1:52:49 PM, Info: Terminating SIMPLSharp Services
